2025-03-24 16:07:34,609 - INFO - Starting improved trading pipeline
2025-03-24 16:07:34,614 - INFO - Loaded data from crypto_data_cache.pkl
2025-03-24 16:07:34,615 - INFO - Using bitcoin as base dataset
2025-03-24 16:07:34,652 - INFO - Enhanced data processing complete, shape: (91, 48)
2025-03-24 16:07:34,653 - INFO - Features created: 48 columns
2025-03-24 16:07:34,654 - INFO - Building advanced model with target column: returns
2025-03-24 16:07:34,928 - INFO - Training the advanced model...
2025-03-24 16:07:41,378 - ERROR - Error building advanced model: This optimizer was created with a `LearningRateSchedule` object as its `learning_rate` constructor argument, hence its learning rate is not settable. If you need the learning rate to be settable, you should instantiate the optimizer with a float `learning_rate` argument.
2025-03-24 16:07:41,385 - ERROR - Failed to build model. Pipeline stopped.
2025-03-24 16:07:41,385 - ERROR - Trading model implementation failed
2025-03-24 16:08:05,486 - INFO - Starting improved trading pipeline
2025-03-24 16:08:05,488 - INFO - Loaded data from crypto_data_cache.pkl
2025-03-24 16:08:05,489 - INFO - Using bitcoin as base dataset
2025-03-24 16:08:05,522 - INFO - Enhanced data processing complete, shape: (91, 48)
2025-03-24 16:08:05,522 - INFO - Features created: 48 columns
2025-03-24 16:08:05,523 - INFO - Building advanced model with target column: returns
2025-03-24 16:08:05,703 - INFO - Training the advanced model...
2025-03-24 16:08:11,307 - ERROR - Error building advanced model: This optimizer was created with a `LearningRateSchedule` object as its `learning_rate` constructor argument, hence its learning rate is not settable. If you need the learning rate to be settable, you should instantiate the optimizer with a float `learning_rate` argument.
2025-03-24 16:08:11,312 - ERROR - Failed to build model. Pipeline stopped.
2025-03-24 16:08:11,313 - ERROR - Trading model implementation failed
2025-03-24 16:12:25,957 - INFO - Starting improved trading pipeline
2025-03-24 16:12:25,960 - INFO - Loaded data from crypto_data_cache.pkl
2025-03-24 16:12:25,962 - INFO - Using bitcoin as base dataset
2025-03-24 16:12:25,992 - INFO - Enhanced data processing complete, shape: (91, 48)
2025-03-24 16:12:25,992 - INFO - Features created: 48 columns
2025-03-24 16:12:25,993 - INFO - Building advanced model with target column: returns
2025-03-24 16:12:26,159 - INFO - Training the advanced model...
2025-03-24 16:12:31,758 - ERROR - Error building advanced model: This optimizer was created with a `LearningRateSchedule` object as its `learning_rate` constructor argument, hence its learning rate is not settable. If you need the learning rate to be settable, you should instantiate the optimizer with a float `learning_rate` argument.
2025-03-24 16:12:31,764 - ERROR - Failed to build model. Pipeline stopped.
2025-03-24 16:12:31,765 - ERROR - Trading model implementation failed
2025-03-24 16:13:50,888 - INFO - Starting improved trading pipeline
2025-03-24 16:13:50,889 - INFO - Loaded data from crypto_data_cache.pkl
2025-03-24 16:13:50,889 - INFO - Using bitcoin as base dataset
2025-03-24 16:13:50,913 - INFO - Enhanced data processing complete, shape: (91, 48)
2025-03-24 16:13:50,913 - INFO - Features created: 48 columns
2025-03-24 16:13:50,914 - INFO - Building advanced model with target column: returns
2025-03-24 16:13:51,290 - INFO - Training the advanced model...
2025-03-24 16:13:57,121 - ERROR - Error building advanced model: This optimizer was created with a `LearningRateSchedule` object as its `learning_rate` constructor argument, hence its learning rate is not settable. If you need the learning rate to be settable, you should instantiate the optimizer with a float `learning_rate` argument.
2025-03-24 16:13:57,128 - ERROR - Failed to build model. Pipeline stopped.
2025-03-24 16:13:57,128 - ERROR - Trading model implementation failed
